# JRE version: Java(TM) SE Runtime Environment (8.0_144-b01) (build 1.8.0_144-b01)
# Java VM: Java HotSpot(TM) Client VM (25.144-b01 mixed mode windows-x86 )
Heap:
 def new generation   total 39424K, used 30177K [0x04600000, 0x070c0000, 0x0f0a0000)
  eden space 35072K,  85% used [0x04600000, 0x0632f658, 0x06840000)
  from space 4352K,   6% used [0x06840000, 0x06889098, 0x06c80000)
  to   space 4352K,   0% used [0x06c80000, 0x06c80000, 0x070c0000)
 tenured generation   total 87424K, used 81179K [0x0f0a0000, 0x14600000, 0x24600000)
   the space 87424K,  92% used [0x0f0a0000, 0x13fe6fb0, 0x13fe7000, 0x14600000)
 Metaspace       used 19009K, capacity 19467K, committed 19584K, reserved 19840K
GC Heap History (10 events):
Event: 163743.897 GC heap before
{Heap before GC invocations=32 (full 1):
 def new generation   total 39424K, used 38991K [0x04600000, 0x070c0000, 0x0f0a0000)
  eden space 35072K, 100% used [0x04600000, 0x06840000, 0x06840000)
  from space 4352K,  90% used [0x06c80000, 0x07053f88, 0x070c0000)
  to   space 4352K,   0% used [0x06840000, 0x06840000, 0x06c80000)
 tenured generation   total 87424K, used 73355K [0x0f0a0000, 0x14600000, 0x24600000)
   the space 87424K,  83% used [0x0f0a0000, 0x13842c70, 0x13842e00, 0x14600000)
 Metaspace       used 19008K, capacity 19467K, committed 19584K, reserved 19840K
Event: 163743.936 GC heap after
Heap after GC invocations=33 (full 1):
 def new generation   total 39424K, used 1K [0x04600000, 0x070c0000, 0x0f0a0000)
  eden space 35072K,   0% used [0x04600000, 0x04600000, 0x06840000)
  from space 4352K,   0% used [0x06840000, 0x068404c0, 0x06c80000)
  to   space 4352K,   0% used [0x06c80000, 0x06c80000, 0x070c0000)
 tenured generation   total 87424K, used 77272K [0x0f0a0000, 0x14600000, 0x24600000)
   the space 87424K,  88% used [0x0f0a0000, 0x13c163d8, 0x13c16400, 0x14600000)
 Metaspace       used 19008K, capacity 19467K, committed 19584K, reserved 19840K
}
Event: 166437.051 GC heap before
{Heap before GC invocations=33 (full 1):
 def new generation   total 39424K, used 32224K [0x04600000, 0x070c0000, 0x0f0a0000)
  eden space 35072K,  91% used [0x04600000, 0x06577c40, 0x06840000)
  from space 4352K,   0% used [0x06840000, 0x068404c0, 0x06c80000)
  to   space 4352K,   0% used [0x06c80000, 0x06c80000, 0x070c0000)
 tenured generation   total 87424K, used 77272K [0x0f0a0000, 0x14600000, 0x24600000)
   the space 87424K,  88% used [0x0f0a0000, 0x13c163d8, 0x13c16400, 0x14600000)
 Metaspace       used 19009K, capacity 19467K, committed 19584K, reserved 19840K
Event: 166437.054 GC heap after
Heap after GC invocations=34 (full 1):
 def new generation   total 39424K, used 68K [0x04600000, 0x070c0000, 0x0f0a0000)
  eden space 35072K,   0% used [0x04600000, 0x04600000, 0x06840000)
  from space 4352K,   1% used [0x06c80000, 0x06c91060, 0x070c0000)
  to   space 4352K,   0% used [0x06840000, 0x06840000, 0x06c80000)
 tenured generation   total 87424K, used 77272K [0x0f0a0000, 0x14600000, 0x24600000)
   the space 87424K,  88% used [0x0f0a0000, 0x13c163d8, 0x13c16400, 0x14600000)
 Metaspace       used 19009K, capacity 19467K, committed 19584K, reserved 19840K
}
Event: 178843.772 GC heap before
{Heap before GC invocations=34 (full 1):
 def new generation   total 39424K, used 33182K [0x04600000, 0x070c0000, 0x0f0a0000)
  eden space 35072K,  94% used [0x04600000, 0x06656a48, 0x06840000)
  from space 4352K,   1% used [0x06c80000, 0x06c91060, 0x070c0000)
  to   space 4352K,   0% used [0x06840000, 0x06840000, 0x06c80000)
 tenured generation   total 87424K, used 77272K [0x0f0a0000, 0x14600000, 0x24600000)
   the space 87424K,  88% used [0x0f0a0000, 0x13c163d8, 0x13c16400, 0x14600000)
 Metaspace       used 19009K, capacity 19467K, committed 19584K, reserved 19840K
Event: 178843.775 GC heap after
Heap after GC invocations=35 (full 1):
 def new generation   total 39424K, used 66K [0x04600000, 0x070c0000, 0x0f0a0000)
  eden space 35072K,   0% used [0x04600000, 0x04600000, 0x06840000)
  from space 4352K,   1% used [0x06840000, 0x06850968, 0x06c80000)
  to   space 4352K,   0% used [0x06c80000, 0x06c80000, 0x070c0000)
 tenured generation   total 87424K, used 77272K [0x0f0a0000, 0x14600000, 0x24600000)
   the space 87424K,  88% used [0x0f0a0000, 0x13c163d8, 0x13c16400, 0x14600000)
 Metaspace       used 19009K, capacity 19467K, committed 19584K, reserved 19840K
}
Event: 223926.272 GC heap before
{Heap before GC invocations=35 (full 1):
 def new generation   total 39424K, used 35138K [0x04600000, 0x070c0000, 0x0f0a0000)
  eden space 35072K, 100% used [0x04600000, 0x06840000, 0x06840000)
  from space 4352K,   1% used [0x06840000, 0x06850968, 0x06c80000)
  to   space 4352K,   0% used [0x06c80000, 0x06c80000, 0x070c0000)
 tenured generation   total 87424K, used 77272K [0x0f0a0000, 0x14600000, 0x24600000)
   the space 87424K,  88% used [0x0f0a0000, 0x13c163d8, 0x13c16400, 0x14600000)
 Metaspace       used 19009K, capacity 19467K, committed 19584K, reserved 19840K
Event: 223926.292 GC heap after
Heap after GC invocations=36 (full 1):
 def new generation   total 39424K, used 3958K [0x04600000, 0x070c0000, 0x0f0a0000)
  eden space 35072K,   0% used [0x04600000, 0x04600000, 0x06840000)
  from space 4352K,  90% used [0x06c80000, 0x0705d8b8, 0x070c0000)
  to   space 4352K,   0% used [0x06840000, 0x06840000, 0x06c80000)
 tenured generation   total 87424K, used 77272K [0x0f0a0000, 0x14600000, 0x24600000)
   the space 87424K,  88% used [0x0f0a0000, 0x13c163d8, 0x13c16400, 0x14600000)
 Metaspace       used 19009K, capacity 19467K, committed 19584K, reserved 19840K
}
Event: 244022.728 GC heap before
{Heap before GC invocations=36 (full 1):
 def new generation   total 39424K, used 39030K [0x04600000, 0x070c0000, 0x0f0a0000)
  eden space 35072K, 100% used [0x04600000, 0x06840000, 0x06840000)
  from space 4352K,  90% used [0x06c80000, 0x0705d8b8, 0x070c0000)
  to   space 4352K,   0% used [0x06840000, 0x06840000, 0x06c80000)
 tenured generation   total 87424K, used 77272K [0x0f0a0000, 0x14600000, 0x24600000)
   the space 87424K,  88% used [0x0f0a0000, 0x13c163d8, 0x13c16400, 0x14600000)
 Metaspace       used 19009K, capacity 19467K, committed 19584K, reserved 19840K
Event: 244022.794 GC heap after
Heap after GC invocations=37 (full 1):
 def new generation   total 39424K, used 292K [0x04600000, 0x070c0000, 0x0f0a0000)
  eden space 35072K,   0% used [0x04600000, 0x04600000, 0x06840000)
  from space 4352K,   6% used [0x06840000, 0x06889098, 0x06c80000)
  to   space 4352K,   0% used [0x06c80000, 0x06c80000, 0x070c0000)
 tenured generation   total 87424K, used 81179K [0x0f0a0000, 0x14600000, 0x24600000)
   the space 87424K,  92% used [0x0f0a0000, 0x13fe6fb0, 0x13fe7000, 0x14600000)
 Metaspace       used 19009K, capacity 19467K, committed 19584K, reserved 19840K
}

